[0mGET / [32m200[0m 75.212 ms - 2408[0m
[0mGET /css/layout.css [33m404[0m 26.472 ms - 153[0m
[0mGET /css/layout.css [33m404[0m 7.400 ms - 153[0m
[0mGET /users/sign-out [36m302[0m 16.193 ms - 46[0m
[0mGET / [32m200[0m 11.038 ms - 3404[0m
[0mGET /css/layout.css [33m404[0m 13.896 ms - 153[0m
[0mGET / [32m200[0m 63.837 ms - 3148[0m
[0mGET /css/layout.css [33m404[0m 17.402 ms - 153[0m
[0mGET /css/layout.css [33m404[0m 3.615 ms - 153[0m
[0mPOST /users/create-session [36m302[0m 28.898 ms - 46[0m
[0mGET / [32m200[0m 12.742 ms - 2663[0m
[0mGET /css/layout.css [33m404[0m 14.021 ms - 153[0m
[0mGET /students/fetch [36m304[0m 103.368 ms - -[0m
[0mGET /css/layout.css [33m404[0m 12.879 ms - 153[0m
[0mGET /users/sign-out [36m302[0m 11.953 ms - 46[0m
[0mGET / [32m200[0m 9.117 ms - 3404[0m
[0mGET /css/layout.css [33m404[0m 14.546 ms - 153[0m
[0mGET / [32m200[0m 21.476 ms - 3148[0m
[0mGET /css/layout.css [31m500[0m 38.394 ms - 1108[0m
[0mGET /css/layout.css [31m500[0m 36.032 ms - 1108[0m
[0mGET /favicon.ico [31m500[0m 36.914 ms - 1108[0m
[0mPOST /users/create [31m500[0m 120.126 ms - 1108[0m
[0mPOST /users/create [31m500[0m 34.071 ms - 1108[0m
[0mGET / [31m500[0m 123.924 ms - 1108[0m
[0mGET / [31m500[0m 33.807 ms - 1108[0m
[0mGET / [31m500[0m 37.886 ms - 1108[0m
[0mGET / [31m500[0m 33.819 ms - 1108[0m
[0mGET / [31m500[0m 34.501 ms - 1108[0m
[0mGET / [31m500[0m 33.147 ms - 1108[0m
[0mGET / [31m500[0m 33.155 ms - 1108[0m
[0mGET / [31m500[0m 33.624 ms - 1108[0m
[0mGET / [31m500[0m 33.601 ms - 1108[0m
[0mGET / [31m500[0m 126.204 ms - 1108[0m
[0mGET / [31m500[0m 104.435 ms - 1108[0m
[0mGET / [31m500[0m 79.270 ms - 1108[0m
[0mGET / [31m500[0m 122.938 ms - 1108[0m
[0mGET / [31m500[0m 111.237 ms - 1108[0m
[0mGET / [32m200[0m 204.159 ms - 3148[0m
[0mGET /css/layout.css [33m404[0m 75.272 ms - 153[0m
[0mGET /favicon.ico [33m404[0m 87.817 ms - 150[0m
[0mPOST /users/create [36m302[0m 86.111 ms - 88[0m
[0mGET / [36m304[0m 44.395 ms - -[0m
[0mGET /css/layout.css [33m404[0m 37.739 ms - 153[0m
[0mGET /css/layout.css [33m404[0m 37.089 ms - 153[0m
[0mPOST /users/create-session [36m302[0m 73.052 ms - 72[0m
[0mGET /users/sign-in [32m200[0m 34.155 ms - 2432[0m
[0mGET /css/layout.css [33m404[0m 34.257 ms - 153[0m
[0mGET /css/layout.css [33m404[0m 33.067 ms - 153[0m
[0mPOST /users/create-session [36m302[0m 299.057 ms - 72[0m
[0mGET /users/sign-in [36m304[0m 100.468 ms - -[0m
[0mGET /css/layout.css [33m404[0m 76.643 ms - 153[0m
[0mGET /css/layout.css [33m404[0m 38.238 ms - 153[0m
[0mPOST /users/create [36m302[0m 309.850 ms - 88[0m
[0mGET / [36m304[0m 104.144 ms - -[0m
[0mGET /css/layout.css [33m404[0m 185.995 ms - 153[0m
[0mPOST /users/create-session [36m302[0m 213.135 ms - 72[0m
[0mGET /users/sign-in [36m304[0m 100.326 ms - -[0m
[0mGET /css/layout.css [33m404[0m 160.976 ms - 153[0m
[0mPOST /users/create-session [36m302[0m 140.612 ms - 72[0m
[0mGET /users/sign-in [36m304[0m 100.378 ms - -[0m
[0mGET /css/layout.css [33m404[0m 109.282 ms - 153[0m
[0mPOST /users/create-session [36m302[0m 236.977 ms - 72[0m
[0mGET /users/sign-in [36m304[0m 100.409 ms - -[0m
[0mGET /css/layout.css [33m404[0m 128.070 ms - 153[0m
[0mGET /css/layout.css [33m404[0m 116.305 ms - 153[0m
[0mGET /users/sign-in [32m200[0m 53.587 ms - 2176[0m
[0mGET /css/layout.css [33m404[0m 40.430 ms - 153[0m
[0mGET /css/layout.css [33m404[0m 38.599 ms - 153[0m
[0mGET /css/layout.css [33m404[0m 87.164 ms - 153[0m
[0mPOST /users/create-session [36m302[0m 238.065 ms - 72[0m
[0mGET /users/sign-in [36m304[0m 94.885 ms - -[0m
[0mGET /css/layout.css [33m404[0m 161.373 ms - 153[0m
[0mGET /css/layout.css [33m404[0m 189.934 ms - 153[0m
[0mGET /css/layout.css [33m404[0m 179.864 ms - 153[0m
[0mPOST /users/create-session [36m302[0m 211.742 ms - 72[0m
[0mGET /users/sign-in [32m200[0m 108.286 ms - 2432[0m
[0mGET /css/layout.css [33m404[0m 162.288 ms - 153[0m
[0mPOST /users/create [36m302[0m 353.180 ms - 72[0m
[0mGET /users/sign-in [32m200[0m 102.556 ms - 2421[0m
[0mGET /css/layout.css [33m404[0m 172.192 ms - 153[0m
[0mPOST /users/create-session [36m302[0m 289.223 ms - 46[0m
[0mGET / [32m200[0m 196.926 ms - 2649[0m
[0mGET /css/layout.css [33m404[0m 277.185 ms - 153[0m
[0mGET /students/fetch [32m200[0m 293.858 ms - 4345[0m
[0mGET /css/layout.css [33m404[0m 239.503 ms - 153[0m
[0mPOST /students/create-student [32m200[0m 1844.827 ms - 4807[0m
[0mGET /css/layout.css [33m404[0m 258.674 ms - 153[0m
[0mGET /users/sign-out [36m302[0m 229.007 ms - 46[0m
[0mGET / [32m200[0m 61.369 ms - 3404[0m
[0mGET /css/layout.css [33m404[0m 168.544 ms - 153[0m
[0mPOST /users/create-session [36m302[0m 219.380 ms - 46[0m
[0mGET / [32m200[0m 201.239 ms - 2649[0m
[0mGET /css/layout.css [33m404[0m 275.334 ms - 153[0m
[0mGET /students/fetch [32m200[0m 303.747 ms - 4807[0m
[0mGET /css/layout.css [33m404[0m 344.000 ms - 153[0m
[0mGET /users/sign-out [36m302[0m 174.276 ms - 46[0m
[0mGET / [32m200[0m 102.668 ms - 3404[0m
[0mGET /css/layout.css [33m404[0m 163.716 ms - 153[0m
[0mGET / [32m200[0m 10.909 ms - 3148[0m
[0mGET /css/layout.css [33m404[0m 31.330 ms - 153[0m
[0mGET /css/layout.css [33m404[0m 28.352 ms - 153[0m
[0mGET /favicon.ico [33m404[0m 29.107 ms - 150[0m
[0mPOST /users/create-session [36m302[0m 73.907 ms - 72[0m
[0mGET /users/sign-in [32m200[0m 29.654 ms - 2432[0m
[0mGET /css/layout.css [33m404[0m 29.819 ms - 153[0m
[0mPOST /users/create-session [36m302[0m 58.510 ms - 72[0m
[0mGET /users/sign-in [36m304[0m 31.824 ms - -[0m
[0mGET /css/layout.css [33m404[0m 29.200 ms - 153[0m
[0mPOST /users/create-session [36m302[0m 60.421 ms - 46[0m
[0mGET / [32m200[0m 62.559 ms - 2649[0m
[0mGET /css/layout.css [33m404[0m 56.180 ms - 153[0m
[0mGET /users/sign-out [36m302[0m 55.989 ms - 46[0m
[0mGET / [32m200[0m 30.002 ms - 3404[0m
[0mGET /css/layout.css [33m404[0m 28.979 ms - 153[0m
[0mPOST /users/create-session [36m302[0m 66.599 ms - 46[0m
[0mGET / [32m200[0m 56.882 ms - 2649[0m
[0mGET /css/layout.css [33m404[0m 56.031 ms - 153[0m
[0mGET /students/fetch [32m200[0m 146.669 ms - 5235[0m
[0mGET /css/layout.css [33m404[0m 56.095 ms - 153[0m
[0mGET / [32m200[0m 57.684 ms - 2394[0m
[0mGET /css/layout.css [33m404[0m 55.081 ms - 153[0m
[0mGET /interviews/fetch-interview [32m200[0m 93.603 ms - 3280[0m
[0mGET /css/layout.css [33m404[0m 55.163 ms - 153[0m
[0mGET / [36m304[0m 57.081 ms - -[0m
[0mGET /css/layout.css [33m404[0m 54.259 ms - 153[0m
[0mGET /csv/download [32m200[0m 172.415 ms - 270[0m
[0mGET /users/sign-out [36m302[0m 58.752 ms - 46[0m
[0mGET / [32m200[0m 30.472 ms - 3404[0m
[0mGET /css/layout.css [33m404[0m 34.450 ms - 153[0m
[0mGET / [32m200[0m 29.255 ms - 3148[0m
[0mGET /css/layout.css [33m404[0m 41.560 ms - 153[0m
[0mGET /css/layout.css [33m404[0m 33.048 ms - 153[0m
[0mGET /favicon.ico [33m404[0m 32.979 ms - 150[0m
